# JRE version: Java(TM) SE Runtime Environment 18.9 (11.0.18+9) (build 11.0.18+9-LTS-195)
# Java VM: Java HotSpot(TM) 64-Bit Server VM 18.9 (11.0.18+9-LTS-195, mixed mode, tiered, compressed oops, g1 gc, windows-amd64)
Heap:
 garbage-first heap   total 183296K, used 153088K [0x0000000080000000, 0x0000000100000000)
  region size 1024K, 3 young (3072K), 2 survivors (2048K)
 Metaspace       used 104560K, capacity 108616K, committed 108928K, reserved 610304K
  class space    used 13962K, capacity 15617K, committed 15744K, reserved 516096K
GC Heap History (10 events):
Event: 107.310 GC heap before
{Heap before GC invocations=96 (full 0):
 garbage-first heap   total 183296K, used 155118K [0x0000000080000000, 0x0000000100000000)
  region size 1024K, 14 young (14336K), 2 survivors (2048K)
 Metaspace       used 103843K, capacity 107919K, committed 108032K, reserved 610304K
  class space    used 13909K, capacity 15576K, committed 15616K, reserved 516096K
}
Event: 107.319 GC heap after
{Heap after GC invocations=97 (full 0):
 garbage-first heap   total 183296K, used 144906K [0x0000000080000000, 0x0000000100000000)
  region size 1024K, 2 young (2048K), 2 survivors (2048K)
 Metaspace       used 103843K, capacity 107919K, committed 108032K, reserved 610304K
  class space    used 13909K, capacity 15576K, committed 15616K, reserved 516096K
}
Event: 107.986 GC heap before
{Heap before GC invocations=98 (full 0):
 garbage-first heap   total 183296K, used 156170K [0x0000000080000000, 0x0000000100000000)
  region size 1024K, 13 young (13312K), 2 survivors (2048K)
 Metaspace       used 104126K, capacity 108250K, committed 108288K, reserved 610304K
  class space    used 13928K, capacity 15609K, committed 15616K, reserved 516096K
}
Event: 107.997 GC heap after
{Heap after GC invocations=99 (full 0):
 garbage-first heap   total 183296K, used 148713K [0x0000000080000000, 0x0000000100000000)
  region size 1024K, 2 young (2048K), 2 survivors (2048K)
 Metaspace       used 104126K, capacity 108250K, committed 108288K, reserved 610304K
  class space    used 13928K, capacity 15609K, committed 15616K, reserved 516096K
}
Event: 108.553 GC heap before
{Heap before GC invocations=99 (full 0):
 garbage-first heap   total 183296K, used 157929K [0x0000000080000000, 0x0000000100000000)
  region size 1024K, 11 young (11264K), 2 survivors (2048K)
 Metaspace       used 104335K, capacity 108398K, committed 108544K, reserved 610304K
  class space    used 13947K, capacity 15613K, committed 15616K, reserved 516096K
}
Event: 108.569 GC heap after
{Heap after GC invocations=100 (full 0):
 garbage-first heap   total 183296K, used 150989K [0x0000000080000000, 0x0000000100000000)
  region size 1024K, 2 young (2048K), 2 survivors (2048K)
 Metaspace       used 104335K, capacity 108398K, committed 108544K, reserved 610304K
  class space    used 13947K, capacity 15613K, committed 15616K, reserved 516096K
}
Event: 109.595 GC heap before
{Heap before GC invocations=101 (full 0):
 garbage-first heap   total 183296K, used 159181K [0x0000000080000000, 0x0000000100000000)
  region size 1024K, 10 young (10240K), 2 survivors (2048K)
 Metaspace       used 104392K, capacity 108465K, committed 108544K, reserved 610304K
  class space    used 13947K, capacity 15613K, committed 15616K, reserved 516096K
}
Event: 109.602 GC heap after
{Heap after GC invocations=102 (full 0):
 garbage-first heap   total 183296K, used 151830K [0x0000000080000000, 0x0000000100000000)
  region size 1024K, 2 young (2048K), 2 survivors (2048K)
 Metaspace       used 104392K, capacity 108465K, committed 108544K, reserved 610304K
  class space    used 13947K, capacity 15613K, committed 15616K, reserved 516096K
}
Event: 109.992 GC heap before
{Heap before GC invocations=102 (full 0):
 garbage-first heap   total 183296K, used 158998K [0x0000000080000000, 0x0000000100000000)
  region size 1024K, 9 young (9216K), 2 survivors (2048K)
 Metaspace       used 104524K, capacity 108543K, committed 108544K, reserved 610304K
  class space    used 13956K, capacity 15615K, committed 15616K, reserved 516096K
}
Event: 109.998 GC heap after
{Heap after GC invocations=103 (full 0):
 garbage-first heap   total 183296K, used 153088K [0x0000000080000000, 0x0000000100000000)
  region size 1024K, 2 young (2048K), 2 survivors (2048K)
 Metaspace       used 104524K, capacity 108543K, committed 108544K, reserved 610304K
  class space    used 13956K, capacity 15615K, committed 15616K, reserved 516096K
}

